#
# There is insufficient memory for the Java Runtime Environment to continue.
# Native memory allocation (mmap) failed to map 536870912 bytes for G1 virtual space
# Possible reasons:
#   The system is out of physical RAM or swap space
#   The process is running with CompressedOops enabled, and the Java Heap may be blocking the growth of the native heap
# Possible solutions:
#   Reduce memory load on the system
#   Increase physical memory or swap space
#   Check if swap backing store is full
#   Decrease Java heap size (-Xmx/-Xms)
#   Decrease number of Java threads
#   Decrease Java thread stack sizes (-Xss)
#   Set larger code cache with -XX:ReservedCodeCacheSize=
#   JVM is running with Zero Based Compressed Oops mode in which the Java heap is
#     placed in the first 32GB address space. The Java Heap base address is the
#     maximum limit for the native heap growth. Please use -XX:HeapBaseMinAddress
#     to set the Java Heap base and to place the Java Heap above 32GB virtual address.
# This output file may be truncated or incomplete.
#
#  Out of Memory Error (./open/src/hotspot/os/windows/os_windows.cpp:3321), pid=13848, tid=13908
#
# JRE version:  (15.0.2+7) (build )
# Java VM: OpenJDK 64-Bit Server VM (15.0.2+7-27, mixed mode, sharing, tiered, compressed oops, g1 gc, windows-amd64)
# No core dump will be written. Minidumps are not enabled by default on client versions of Windows
#

---------------  S U M M A R Y ------------

Command Line: -XX:+ShowCodeDetailsInExceptionMessages -agentlib:jdwp=transport=dt_socket,suspend=y,address=localhost:58671 -javaagent:C:\Users\Administrator\eclipse\jee-2020-12\eclipse\configuration\org.eclipse.osgi\1286\0\.cp\lib\javaagent-shaded.jar -Dfile.encoding=UTF-8 project.Main

Host: Intel(R) Core(TM) i7-8700 CPU @ 3.20GHz, 12 cores, 31G,  Windows 10 , 64 bit Build 18362 (10.0.18362.1110)
Time: Tue Mar 21 15:53:53 2023 ´eCN¹I±¹ C￥AØ½A elapsed time: 0.008987 seconds (0d 0h 0m 0s)

---------------  T H R E A D  ---------------

Current thread (0x0000019c501f2e20):  JavaThread "Unknown thread" [_thread_in_vm, id=13908, stack(0x000000447d300000,0x000000447d400000)]

Stack: [0x000000447d300000,0x000000447d400000]
Native frames: (J=compiled Java code, j=interpreted, Vv=VM code, C=native code)
V  [jvm.dll+0x62ae9a]
V  [jvm.dll+0x7817a9]
V  [jvm.dll+0x782f03]
V  [jvm.dll+0x783563]
V  [jvm.dll+0x216325]
V  [jvm.dll+0x6281d9]
V  [jvm.dll+0x61cf55]
V  [jvm.dll+0x2cffdd]
V  [jvm.dll+0x2cfe42]
V  [jvm.dll+0x2d5e1c]
V  [jvm.dll+0x32590a]
V  [jvm.dll+0x324fd4]
V  [jvm.dll+0x2a6f5a]
V  [jvm.dll+0x2a80f8]
V  [jvm.dll+0x75e241]
V  [jvm.dll+0x3341c4]
V  [jvm.dll+0x73e926]
V  [jvm.dll+0x3b7557]
V  [jvm.dll+0x3b8fe1]
C  [jli.dll+0x52fb]
C  [ucrtbase.dll+0x210b2]
C  [KERNEL32.DLL+0x17c24]
C  [ntdll.dll+0x6cea1]


---------------  P R O C E S S  ---------------

Threads class SMR info:
_java_thread_list=0x00007ffeb8074ff0, length=0, elements={
}

Java Threads: ( => current thread )

Other Threads:
  0x0000019c502695e0 GCTaskThread "GC Thread#0" [stack: 0x000000447d400000,0x000000447d500000] [id=13828]
  0x0000019c5027aea0 ConcurrentGCThread "G1 Main Marker" [stack: 0x000000447d500000,0x000000447d600000] [id=13824]
  0x0000019c5027caa0 ConcurrentGCThread "G1 Conc#0" [stack: 0x000000447d600000,0x000000447d700000] [id=14048]

[error occurred during error reporting (printing all threads), id 0xc0000005, EXCEPTION_ACCESS_VIOLATION (0xc0000005) at pc=0x00007ffeb7867e27]

VM state: not at safepoint (not fully initialized)

VM Mutex/Monitor currently owned by a thread:  ([mutex/lock_event])
[0x0000019c501eea50] Heap_lock - owner thread: 0x0000019c501f2e20

Heap address: 0x0000000603400000, size: 8140 MB, Compressed Oops mode: Zero based, Oop shift amount: 3
CDS archive(s) mapped at: [0x0000000000000000-0x0000000000000000-0x0000000000000000), size 0, SharedBaseAddress: 0x0000000800000000, ArchiveRelocationMode: 0.
Narrow klass base: 0x0000000000000000, Narrow klass shift: 0, Narrow klass range: 0x0

Heap:
 garbage-first heap   total 524288K, used 0K [0x0000000603400000, 0x0000000800000000)
  region size 4096K, 0 young (0K), 0 survivors (0K)
 Metaspace       used 0K, capacity 0K, committed 0K, reserved 0K
  class space    used 0K, capacity 0K, committed 0K, reserved 0K

Heap Regions: E=young(eden), S=young(survivor), O=old, HS=humongous(starts), HC=humongous(continues), CS=collection set, F=free, OA=open archive, CA=closed archive, TAMS=top-at-mark-start (previous, next)

Card table byte_map: [0x0000019c64140000,0x0000019c65130000] _byte_map_base: 0x0000019c61126000

Marking Bits (Prev, Next): (CMBitMap*) 0x0000019c50269e50, (CMBitMap*) 0x0000019c50269e90
 Prev Bits: [0x0000019c66120000, 0x0000019c6e050000)
 Next Bits: [0x0000019c6e050000, 0x0000019c75f80000)

GC Heap History (0 events):
No events

Deoptimization events (0 events):
No events

Classes unloaded (0 events):
No events

Classes redefined (0 events):
No events

Internal exceptions (0 events):
No events

Events (1 events):
Event: 0.003 Loaded shared library C:\Users\Administrator\.p2\pool\plugins\org.eclipse.justj.openjdk.hotspot.jre.full.win32.x86_64_15.0.2.v20210201-0955\jre\bin\java.dll


Dynamic libraries:
0x00007ff661380000 - 0x00007ff66138d000 	C:\Users\Administrator\.p2\pool\plugins\org.eclipse.justj.openjdk.hotspot.jre.full.win32.x86_64_15.0.2.v20210201-0955\jre\bin\javaw.exe
0x00007ffefa200000 - 0x00007ffefa3f0000 	C:\Windows\SYSTEM32\ntdll.dll
0x00007ffef87d0000 - 0x00007ffef8882000 	C:\Windows\System32\KERNEL32.DLL
0x00007ffef7bd0000 - 0x00007ffef7e75000 	C:\Windows\System32\KERNELBASE.dll
0x00007ffef7ee0000 - 0x00007ffef7fda000 	C:\Windows\System32\ucrtbase.dll
0x00007ffee1070000 - 0x00007ffee1088000 	C:\Users\Administrator\.p2\pool\plugins\org.eclipse.justj.openjdk.hotspot.jre.full.win32.x86_64_15.0.2.v20210201-0955\jre\bin\jli.dll
0x00007ffee1250000 - 0x00007ffee1269000 	C:\Users\Administrator\.p2\pool\plugins\org.eclipse.justj.openjdk.hotspot.jre.full.win32.x86_64_15.0.2.v20210201-0955\jre\bin\VCRUNTIME140.dll
0x00007ffef8fa0000 - 0x00007ffef9134000 	C:\Windows\System32\USER32.dll
0x00007ffef7930000 - 0x00007ffef7951000 	C:\Windows\System32\win32u.dll
0x00007ffed9150000 - 0x00007ffed93d4000 	C:\Windows\WinSxS\amd64_microsoft.windows.common-controls_6595b64144ccf1df_6.0.18362.1139_none_9e7bf2d3e4605ac6\COMCTL32.dll
0x00007ffef87a0000 - 0x00007ffef87c6000 	C:\Windows\System32\GDI32.dll
0x00007ffef8110000 - 0x00007ffef82a6000 	C:\Windows\System32\gdi32full.dll
0x00007ffef9970000 - 0x00007ffef9a0e000 	C:\Windows\System32\msvcrt.dll
0x00007ffef79b0000 - 0x00007ffef7a4e000 	C:\Windows\System32\msvcp_win.dll
0x00007ffef9a10000 - 0x00007ffef9d45000 	C:\Windows\System32\combase.dll
0x00007ffef82b0000 - 0x00007ffef83d0000 	C:\Windows\System32\RPCRT4.dll
0x00007ffef8090000 - 0x00007ffef8110000 	C:\Windows\System32\bcryptPrimitives.dll
0x00007ffef8480000 - 0x00007ffef84ae000 	C:\Windows\System32\IMM32.DLL
0x00007ffeed5f0000 - 0x00007ffeed5fc000 	C:\Users\Administrator\.p2\pool\plugins\org.eclipse.justj.openjdk.hotspot.jre.full.win32.x86_64_15.0.2.v20210201-0955\jre\bin\vcruntime140_1.dll
0x00007ffecf8e0000 - 0x00007ffecf971000 	C:\Users\Administrator\.p2\pool\plugins\org.eclipse.justj.openjdk.hotspot.jre.full.win32.x86_64_15.0.2.v20210201-0955\jre\bin\msvcp140.dll
0x00007ffeb75b0000 - 0x00007ffeb810e000 	C:\Users\Administrator\.p2\pool\plugins\org.eclipse.justj.openjdk.hotspot.jre.full.win32.x86_64_15.0.2.v20210201-0955\jre\bin\server\jvm.dll
0x00007ffef88a0000 - 0x00007ffef8943000 	C:\Windows\System32\ADVAPI32.dll
0x00007ffef8d00000 - 0x00007ffef8d97000 	C:\Windows\System32\sechost.dll
0x00007ffef8cf0000 - 0x00007ffef8cf8000 	C:\Windows\System32\PSAPI.DLL
0x00007ffedefb0000 - 0x00007ffedefd4000 	C:\Windows\SYSTEM32\WINMM.dll
0x00007ffef20d0000 - 0x00007ffef20da000 	C:\Windows\SYSTEM32\VERSION.dll
0x00007ffedee50000 - 0x00007ffedee59000 	C:\Windows\SYSTEM32\WSOCK32.dll
0x00007ffef8bb0000 - 0x00007ffef8c1f000 	C:\Windows\System32\WS2_32.dll
0x00007ffedef80000 - 0x00007ffedefad000 	C:\Windows\SYSTEM32\winmmbase.dll
0x00007ffef7960000 - 0x00007ffef79aa000 	C:\Windows\System32\cfgmgr32.dll
0x00007ffef70d0000 - 0x00007ffef70e1000 	C:\Windows\System32\kernel.appcore.dll
0x00007ffef2a20000 - 0x00007ffef2a2a000 	C:\Users\Administrator\.p2\pool\plugins\org.eclipse.justj.openjdk.hotspot.jre.full.win32.x86_64_15.0.2.v20210201-0955\jre\bin\jimage.dll
0x00007ffedfca0000 - 0x00007ffedfe94000 	C:\Windows\SYSTEM32\DBGHELP.DLL
0x00007ffedf680000 - 0x00007ffedf6aa000 	C:\Windows\SYSTEM32\dbgcore.DLL
0x00007ffee9430000 - 0x00007ffee9469000 	C:\Users\Administrator\.p2\pool\plugins\org.eclipse.justj.openjdk.hotspot.jre.full.win32.x86_64_15.0.2.v20210201-0955\jre\bin\jdwp.dll
0x00007ffee0220000 - 0x00007ffee022e000 	C:\Users\Administrator\.p2\pool\plugins\org.eclipse.justj.openjdk.hotspot.jre.full.win32.x86_64_15.0.2.v20210201-0955\jre\bin\instrument.dll
0x00007ffee9400000 - 0x00007ffee9425000 	C:\Users\Administrator\.p2\pool\plugins\org.eclipse.justj.openjdk.hotspot.jre.full.win32.x86_64_15.0.2.v20210201-0955\jre\bin\java.dll

dbghelp: loaded successfully - version: 4.0.5 - missing functions: none
symbol engine: initialized successfully - sym options: 0x614 - pdb path: .;C:\Users\Administrator\.p2\pool\plugins\org.eclipse.justj.openjdk.hotspot.jre.full.win32.x86_64_15.0.2.v20210201-0955\jre\bin;C:\Windows\SYSTEM32;C:\Windows\WinSxS\amd64_microsoft.windows.common-controls_6595b64144ccf1df_6.0.18362.1139_none_9e7bf2d3e4605ac6;C:\Users\Administrator\.p2\pool\plugins\org.eclipse.justj.openjdk.hotspot.jre.full.win32.x86_64_15.0.2.v20210201-0955\jre\bin\server

VM Arguments:
jvm_args: -XX:+ShowCodeDetailsInExceptionMessages -agentlib:jdwp=transport=dt_socket,suspend=y,address=localhost:58671 -javaagent:C:\Users\Administrator\eclipse\jee-2020-12\eclipse\configuration\org.eclipse.osgi\1286\0\.cp\lib\javaagent-shaded.jar -Dfile.encoding=UTF-8 
java_command: project.Main
java_class_path (initial): D:\관리프로젝트\project\bin
Launcher Type: SUN_STANDARD

[Global flags]
     intx CICompilerCount                          = 4                                         {product} {ergonomic}
     uint ConcGCThreads                            = 3                                         {product} {ergonomic}
     uint G1ConcRefinementThreads                  = 10                                        {product} {ergonomic}
   size_t G1HeapRegionSize                         = 4194304                                   {product} {ergonomic}
    uintx GCDrainStackTargetSize                   = 64                                        {product} {ergonomic}
   size_t InitialHeapSize                          = 536870912                                 {product} {ergonomic}
   size_t MarkStackSize                            = 4194304                                   {product} {ergonomic}
   size_t MaxHeapSize                              = 8535408640                                {product} {ergonomic}
   size_t MinHeapDeltaBytes                        = 4194304                                   {product} {ergonomic}
   size_t MinHeapSize                              = 8388608                                   {product} {ergonomic}
    uintx NonNMethodCodeHeapSize                   = 5839372                                {pd product} {ergonomic}
    uintx NonProfiledCodeHeapSize                  = 122909434                              {pd product} {ergonomic}
    uintx ProfiledCodeHeapSize                     = 122909434                              {pd product} {ergonomic}
    uintx ReservedCodeCacheSize                    = 251658240                              {pd product} {ergonomic}
     bool SegmentedCodeCache                       = true                                      {product} {ergonomic}
     bool ShowCodeDetailsInExceptionMessages       = true                                   {manageable} {command line}
   size_t SoftMaxHeapSize                          = 8535408640                             {manageable} {ergonomic}
     bool UseCompressedClassPointers               = true                                 {lp64_product} {ergonomic}
     bool UseCompressedOops                        = true                                 {lp64_product} {ergonomic}
     bool UseG1GC                                  = true                                      {product} {ergonomic}
     bool UseLargePagesIndividualAllocation        = false                                  {pd product} {ergonomic}

Logging:
Log output configuration:
 #0: stdout all=warning uptime,level,tags
 #1: stderr all=off uptime,level,tags

Environment Variables:
JAVA_HOME=C:\Program Files\Java\jdk-17.0.5
PATH=C:\Users\Administrator\.p2\pool\plugins\org.eclipse.justj.openjdk.hotspot.jre.full.win32.x86_64_15.0.2.v20210201-0955\jre\bin;C:/Users/Administrator/.p2/pool/plugins/org.eclipse.justj.openjdk.hotspot.jre.full.win32.x86_64_15.0.2.v20210201-0955/jre/bin/server;C:/Users/Administrator/.p2/pool/plugins/org.eclipse.justj.openjdk.hotspot.jre.full.win32.x86_64_15.0.2.v20210201-0955/jre/bin;C:\oraclexe\app\oracle\product\11.2.0\server\bin;C:\Program Files\Common Files\Oracle\Java\javapath;C:\Program Files (x86)\Common Files\Oracle\Java\javapath;C:\Windows\system32;C:\Windows;C:\Windows\System32\Wbem;C:\Windows\System32\WindowsPowerShell\v1.0\;C:\Windows\System32\OpenSSH\;C:\Program Files (x86)\Intel\Intel(R) Management Engine Components\DAL;C:\Program Files\Intel\Intel(R) Management Engine Components\DAL;C:\Program Files (x86)\Microsoft VS Code\bin;C:\Program Files\dotnet\;C:\Program Files\nodejs\;C:\Program Files\Git\cmd;C:\Program Files\MySQL\MySQL Shell 8.0\bin\;C:\Users\Administrator\AppData\Local\Programs\Python\Python39\Scripts\;C:\Users\Administrator\AppData\Local\Programs\Python\Python39\;C:\Users\Administrator\AppData\Local\Microsoft\WindowsApps;C:\Program Files\Bandizip\;C:\Program Files (x86)\Microsoft VS Code\bin;C:\Users\Administrator\AppData\Local\Programs\Microsoft VS Code\bin;C:\Users\Administrator\.dotnet\tools;C:\Users\Administrator\AppData\Roaming\npm;C:\Users\Administrator\AppData\Local\GitHubDesktop\bin;C:\Program Files\Java\jdk-17.0.5\bin;;C:\Windows\system32;
USERNAME=Administrator
OS=Windows_NT
PROCESSOR_IDENTIFIER=Intel64 Family 6 Model 158 Stepping 10, GenuineIntel



---------------  S Y S T E M  ---------------

OS:
 Windows 10 , 64 bit Build 18362 (10.0.18362.1110)
OS uptime: 0 days 7:44 hours

CPU: total 12 (initial active 12) (6 cores per cpu, 2 threads per core) family 6 model 158 stepping 10 microcode 0x96, cmov, cx8, fxsr, mmx, sse, sse2, sse3, ssse3, sse4.1, sse4.2, popcnt, vzeroupper, avx, avx2, aes, clmul, erms, rtm, 3dnowpref, lzcnt, ht, tsc, tscinvbit, bmi1, bmi2, adx, fma, clflush, clflushopt

Memory: 4k page, system-wide physical 32546M (8561M free)
TotalPageFile size 45346M (AvailPageFile size 83M)
current process WorkingSet (physical memory assigned to process): 10M, peak: 10M
current process commit charge ("private bytes"): 64M, peak: 576M

vm_info: OpenJDK 64-Bit Server VM (15.0.2+7-27) for windows-amd64 JRE (15.0.2+7-27), built on Dec  7 2020 20:02:38 by "mach5one" with unknown MS VC++:1925

END.
